usage: experiments.py [-h] [--seed SEED]
                      [--dataset {mnist,kmnist,fashionmnist}]
experiments.py: error: argument --seed: expected one argument
srun: error: ee-3090-0.grasp.maas: task 0: Exited with exit code 2
